Build started 24.11.2015 0:01:19.
     1>Project "C:\Users\Администратор\mp2-lab3-arithmetic\sln\vc10\sample_utmatrix.vcxproj" on node 3 (build target(s)).
     1>InitializeBuildStatus:
         Creating "Release\sample_arithmetic2.unsuccessfulbuild" because "AlwaysCreate" was specified.
       ClCompile:
         C:\Program Files (x86)\Microsoft Visual Studio 10.0\VC\bin\CL.exe /c /I../../include /Zi /nologo /W3 /WX- /O2 /Oi /Oy- /GL /D WIN32 /D NDEBUG /D _CONSOLE /D _UNICODE /D UNICODE /Gm- /EHsc /MD /GS /Gy /fp:precise /Zc:wchar_t /Zc:forScope /Fo"Release\\" /Fd"Release\vc100.pdb" /Gd /TP /analyze- /errorReport:prompt ..\..\src\arithmetic.cpp
         arithmetic.cpp
     1>C:\Users\Администратор\mp2-lab3-arithmetic\include/arithmetic.h(22): error C2589: 'bool' : illegal token on right side of '::'
     1>C:\Users\Администратор\mp2-lab3-arithmetic\include/arithmetic.h(22): error C2059: syntax error : '::'
     1>C:\Users\Администратор\mp2-lab3-arithmetic\include/arithmetic.h(22): error C2143: syntax error : missing ';' before '{'
     1>C:\Users\Администратор\mp2-lab3-arithmetic\include/arithmetic.h(22): error C2447: '{' : missing function header (old-style formal list?)
     1>..\..\src\arithmetic.cpp(3): error C2039: 'CheckBrackets' : is not a member of '`global namespace''
     1>Done Building Project "C:\Users\Администратор\mp2-lab3-arithmetic\sln\vc10\sample_utmatrix.vcxproj" (build target(s)) -- FAILED.

Build FAILED.

Time Elapsed 00:00:01.54
